<?xml version="1.0" encoding="UTF-8"?>
<testsuite xmlns:xsi="http://www.w3.org/2001/XMLSchema-instance" xsi:noNamespaceSchemaLocation="https://maven.apache.org/surefire/maven-surefire-plugin/xsd/surefire-test-report-3.0.xsd" version="3.0" name="com.mycompany.sistema_reserva_salas.Servico_de_ReservaTest" time="0.284" tests="2" errors="0" skipped="0" failures="0">
  <properties>
[...]
</properties>
  <testcase name="testCriar_Reserva" classname="com.mycompany.sistema_reserva_salas.Servico_de_ReservaTest" time="0.116"/>
  <testcase name="testCancelar_Reserva" classname="com.mycompany.sistema_reserva_salas.Servico_de_ReservaTest" time="0.009"/>
</testsuite>